# JRE version: OpenJDK Runtime Environment (8.0_152-b01) (build 1.8.0_152-release-1248-b01)
# Java VM: OpenJDK 64-Bit Server VM (25.152-b01 mixed mode windows-amd64 compressed oops)
Heap:
 PSYoungGen      total 485888K, used 405224K [0x00000000e0000000, 0x00000000ffd80000, 0x0000000100000000)
  eden space 452096K, 88% used [0x00000000e0000000,0x00000000f87b3e08,0x00000000fb980000)
  from space 33792K, 12% used [0x00000000fdc80000,0x00000000fe0863c8,0x00000000ffd80000)
  to   space 34816K, 0% used [0x00000000fb980000,0x00000000fb980000,0x00000000fdb80000)
 ParOldGen       total 172032K, used 109975K [0x00000000a0000000, 0x00000000aa800000, 0x00000000e0000000)
  object space 172032K, 63% used [0x00000000a0000000,0x00000000a6b65e40,0x00000000aa800000)
 Metaspace       used 118680K, capacity 122530K, committed 123520K, reserved 1157120K
  class space    used 14524K, capacity 15277K, committed 15488K, reserved 1048576K
GC Heap History (10 events):
Event: 614.265 GC heap before
{Heap before GC invocations=39 (full 5):
 PSYoungGen      total 470528K, used 24059K [0x00000000e0000000, 0x0000000100000000, 0x0000000100000000)
  eden space 446464K, 0% used [0x00000000e0000000,0x00000000e0000000,0x00000000fb400000)
  from space 24064K, 99% used [0x00000000fe880000,0x00000000ffffecf0,0x0000000100000000)
  to   space 38912K, 0% used [0x00000000fb400000,0x00000000fb400000,0x00000000fda00000)
 ParOldGen       total 110080K, used 94054K [0x00000000a0000000, 0x00000000a6b80000, 0x00000000e0000000)
  object space 110080K, 85% used [0x00000000a0000000,0x00000000a5bd98d0,0x00000000a6b80000)
 Metaspace       used 119196K, capacity 123168K, committed 123520K, reserved 1157120K
  class space    used 14612K, capacity 15372K, committed 15488K, reserved 1048576K
Event: 614.610 GC heap after
Heap after GC invocations=39 (full 5):
 PSYoungGen      total 470528K, used 0K [0x00000000e0000000, 0x0000000100000000, 0x0000000100000000)
  eden space 446464K, 0% used [0x00000000e0000000,0x00000000e0000000,0x00000000fb400000)
  from space 24064K, 0% used [0x00000000fe880000,0x00000000fe880000,0x0000000100000000)
  to   space 38912K, 0% used [0x00000000fb400000,0x00000000fb400000,0x00000000fda00000)
 ParOldGen       total 172032K, used 103986K [0x00000000a0000000, 0x00000000aa800000, 0x00000000e0000000)
  object space 172032K, 60% used [0x00000000a0000000,0x00000000a658ca70,0x00000000aa800000)
 Metaspace       used 118375K, capacity 122292K, committed 123520K, reserved 1157120K
  class space    used 14515K, capacity 15268K, committed 15488K, reserved 1048576K
}
Event: 619.095 GC heap before
{Heap before GC invocations=40 (full 5):
 PSYoungGen      total 470528K, used 446464K [0x00000000e0000000, 0x0000000100000000, 0x0000000100000000)
  eden space 446464K, 100% used [0x00000000e0000000,0x00000000fb400000,0x00000000fb400000)
  from space 24064K, 0% used [0x00000000fe880000,0x00000000fe880000,0x0000000100000000)
  to   space 38912K, 0% used [0x00000000fb400000,0x00000000fb400000,0x00000000fda00000)
 ParOldGen       total 172032K, used 103986K [0x00000000a0000000, 0x00000000aa800000, 0x00000000e0000000)
  object space 172032K, 60% used [0x00000000a0000000,0x00000000a658ca70,0x00000000aa800000)
 Metaspace       used 118420K, capacity 122368K, committed 123520K, reserved 1157120K
  class space    used 14520K, capacity 15272K, committed 15488K, reserved 1048576K
Event: 619.137 GC heap after
Heap after GC invocations=40 (full 5):
 PSYoungGen      total 485376K, used 10976K [0x00000000e0000000, 0x0000000100000000, 0x0000000100000000)
  eden space 446464K, 0% used [0x00000000e0000000,0x00000000e0000000,0x00000000fb400000)
  from space 38912K, 28% used [0x00000000fb400000,0x00000000fbeb80d0,0x00000000fda00000)
  to   space 37376K, 0% used [0x00000000fdb80000,0x00000000fdb80000,0x0000000100000000)
 ParOldGen       total 172032K, used 103994K [0x00000000a0000000, 0x00000000aa800000, 0x00000000e0000000)
  object space 172032K, 60% used [0x00000000a0000000,0x00000000a658ea70,0x00000000aa800000)
 Metaspace       used 118420K, capacity 122368K, committed 123520K, reserved 1157120K
  class space    used 14520K, capacity 15272K, committed 15488K, reserved 1048576K
}
Event: 622.116 GC heap before
{Heap before GC invocations=41 (full 5):
 PSYoungGen      total 485376K, used 457440K [0x00000000e0000000, 0x0000000100000000, 0x0000000100000000)
  eden space 446464K, 100% used [0x00000000e0000000,0x00000000fb400000,0x00000000fb400000)
  from space 38912K, 28% used [0x00000000fb400000,0x00000000fbeb80d0,0x00000000fda00000)
  to   space 37376K, 0% used [0x00000000fdb80000,0x00000000fdb80000,0x0000000100000000)
 ParOldGen       total 172032K, used 103994K [0x00000000a0000000, 0x00000000aa800000, 0x00000000e0000000)
  object space 172032K, 60% used [0x00000000a0000000,0x00000000a658ea70,0x00000000aa800000)
 Metaspace       used 118449K, capacity 122370K, committed 123520K, reserved 1157120K
  class space    used 14521K, capacity 15273K, committed 15488K, reserved 1048576K
Event: 622.149 GC heap after
Heap after GC invocations=41 (full 5):
 PSYoungGen      total 482816K, used 5187K [0x00000000e0000000, 0x00000000ffd80000, 0x0000000100000000)
  eden space 448000K, 0% used [0x00000000e0000000,0x00000000e0000000,0x00000000fb580000)
  from space 34816K, 14% used [0x00000000fdb80000,0x00000000fe090d08,0x00000000ffd80000)
  to   space 36864K, 0% used [0x00000000fb580000,0x00000000fb580000,0x00000000fd980000)
 ParOldGen       total 172032K, used 107607K [0x00000000a0000000, 0x00000000aa800000, 0x00000000e0000000)
  object space 172032K, 62% used [0x00000000a0000000,0x00000000a6915fe8,0x00000000aa800000)
 Metaspace       used 118449K, capacity 122370K, committed 123520K, reserved 1157120K
  class space    used 14521K, capacity 15273K, committed 15488K, reserved 1048576K
}
Event: 625.429 GC heap before
{Heap before GC invocations=42 (full 5):
 PSYoungGen      total 482816K, used 453187K [0x00000000e0000000, 0x00000000ffd80000, 0x0000000100000000)
  eden space 448000K, 100% used [0x00000000e0000000,0x00000000fb580000,0x00000000fb580000)
  from space 34816K, 14% used [0x00000000fdb80000,0x00000000fe090d08,0x00000000ffd80000)
  to   space 36864K, 0% used [0x00000000fb580000,0x00000000fb580000,0x00000000fd980000)
 ParOldGen       total 172032K, used 107607K [0x00000000a0000000, 0x00000000aa800000, 0x00000000e0000000)
  object space 172032K, 62% used [0x00000000a0000000,0x00000000a6915fe8,0x00000000aa800000)
 Metaspace       used 118469K, capacity 122374K, committed 123520K, reserved 1157120K
  class space    used 14522K, capacity 15275K, committed 15488K, reserved 1048576K
Event: 625.470 GC heap after
Heap after GC invocations=42 (full 5):
 PSYoungGen      total 484864K, used 8772K [0x00000000e0000000, 0x00000000fff00000, 0x0000000100000000)
  eden space 448000K, 0% used [0x00000000e0000000,0x00000000e0000000,0x00000000fb580000)
  from space 36864K, 23% used [0x00000000fb580000,0x00000000fbe11350,0x00000000fd980000)
  to   space 35328K, 0% used [0x00000000fdc80000,0x00000000fdc80000,0x00000000fff00000)
 ParOldGen       total 172032K, used 108521K [0x00000000a0000000, 0x00000000aa800000, 0x00000000e0000000)
  object space 172032K, 63% used [0x00000000a0000000,0x00000000a69fa780,0x00000000aa800000)
 Metaspace       used 118469K, capacity 122374K, committed 123520K, reserved 1157120K
  class space    used 14522K, capacity 15275K, committed 15488K, reserved 1048576K
}
Event: 628.212 GC heap before
{Heap before GC invocations=43 (full 5):
 PSYoungGen      total 484864K, used 456772K [0x00000000e0000000, 0x00000000fff00000, 0x0000000100000000)
  eden space 448000K, 100% used [0x00000000e0000000,0x00000000fb580000,0x00000000fb580000)
  from space 36864K, 23% used [0x00000000fb580000,0x00000000fbe11350,0x00000000fd980000)
  to   space 35328K, 0% used [0x00000000fdc80000,0x00000000fdc80000,0x00000000fff00000)
 ParOldGen       total 172032K, used 108521K [0x00000000a0000000, 0x00000000aa800000, 0x00000000e0000000)
  object space 172032K, 63% used [0x00000000a0000000,0x00000000a69fa780,0x00000000aa800000)
 Metaspace       used 118528K, capacity 122446K, committed 123520K, reserved 1157120K
  class space    used 14524K, capacity 15277K, committed 15488K, reserved 1048576K
Event: 628.222 GC heap after
Heap after GC invocations=43 (full 5):
 PSYoungGen      total 485888K, used 4120K [0x00000000e0000000, 0x00000000ffd80000, 0x0000000100000000)
  eden space 452096K, 0% used [0x00000000e0000000,0x00000000e0000000,0x00000000fb980000)
  from space 33792K, 12% used [0x00000000fdc80000,0x00000000fe0863c8,0x00000000ffd80000)
  to   space 34816K, 0% used [0x00000000fb980000,0x00000000fb980000,0x00000000fdb80000)
 ParOldGen       total 172032K, used 109975K [0x00000000a0000000, 0x00000000aa800000, 0x00000000e0000000)
  object space 172032K, 63% used [0x00000000a0000000,0x00000000a6b65e40,0x00000000aa800000)
 Metaspace       used 118528K, capacity 122446K, committed 123520K, reserved 1157120K
  class space    used 14524K, capacity 15277K, committed 15488K, reserved 1048576K
}

